<?xml version="1.0" encoding="UTF-8"?>
<!-- Generated by org.testng.reporters.JUnitReportReporter -->
<testsuite hostname="Yuvrajs-MacBook-Pro.local" failures="0" tests="1" name="tests.loginPage.LoginPageTests" time="11.527" errors="0" timestamp="2023-05-08T20:16:52 IST" skipped="0">
  <testcase classname="tests.loginPage.LoginPageTests" name="VerifyLoginPageHeadingText" time="11.527"/>
  <system-out/>
</testsuite> <!-- tests.loginPage.LoginPageTests -->
