<?xml version="1.0" encoding="UTF-8"?>
<!-- Generated by org.testng.reporters.JUnitReportReporter -->
<testsuite hostname="Yuvrajs-MacBook-Pro.local" failures="0" tests="1" name="tests.homePage.HomePageTests" time="11.413" errors="0" timestamp="2023-05-01T14:41:02 IST" skipped="0">
  <testcase classname="tests.homePage.HomePageTests" name="VerifyHomePage" time="11.413"/>
  <system-out/>
</testsuite> <!-- tests.homePage.HomePageTests -->
